<?xml version="1.0" encoding="UTF-8"?>
<!-- Generated by org.testng.reporters.JUnitReportReporter -->
<testsuite hostname="DESKTOP-JH339UV" failures="0" tests="1" name="testCases.LoginTestCase" time="0.770" errors="0" timestamp="2022-12-18T13:49:50 IST" skipped="0">
  <testcase classname="testCases.LoginTestCase" name="enterCredentialsAndLogin" time="0.770"/>
  <system-out/>
</testsuite> <!-- testCases.LoginTestCase -->
