<?xml version="1.0" encoding="UTF-8"?>
<!-- Generated by org.testng.reporters.JUnitReportReporter -->
<testsuite hostname="DESKTOP-JH339UV" failures="0" tests="1" name="testCases.ModifyCustomerInformation" time="7.892" errors="0" timestamp="2022-12-18T14:02:53 IST" skipped="0">
  <testcase classname="testCases.ModifyCustomerInformation" name="modifyPersonalDetails" time="7.892"/>
  <system-out/>
</testsuite> <!-- testCases.ModifyCustomerInformation -->
